<?xml version="1.0" encoding="UTF-8"?>
<testsuite xmlns:xsi="http://www.w3.org/2001/XMLSchema-instance" xsi:noNamespaceSchemaLocation="https://maven.apache.org/surefire/maven-surefire-plugin/xsd/surefire-test-report-3.0.xsd" version="3.0" name="com.rentalsphere.backend.BackendApplicationTests" time="8.995" tests="1" errors="0" skipped="0" failures="0">
  <properties>
[...]
</properties>
  <testcase name="contextLoads" classname="com.rentalsphere.backend.BackendApplicationTests" time="0.411">
    <system-out><![CDATA[15:36:28.148 [main] INFO org.springframework.test.context.support.AnnotationConfigContextLoaderUtils -- Could not detect default configuration classes for test class [com.rentalsphere.backend.BackendApplicationTests]: BackendApplicationTests does not declare any static, non-private, non-final, nested classes annotated with @Configuration.
15:36:28.209 [main] INFO org.springframework.boot.test.context.SpringBootTestContextBootstrapper -- Found @SpringBootConfiguration com.rentalsphere.backend.BackendApplication for test class com.rentalsphere.backend.BackendApplicationTests

  .   ____          _            __ _ _
 /\\ / ___'_ __ _ _(_)_ __  __ _ \ \ \ \
( ( )\___ | '_ | '_| | '_ \/ _` | \ \ \ \
 \\/  ___)| |_)| | | | | || (_| |  ) ) ) )
  '  |____| .__|_| |_|_| |_\__, | / / / /
 =========|_|==============|___/=/_/_/_/
 :: Spring Boot ::                (v3.2.2)

2024-02-25T15:36:28.412-04:00  INFO 94458 --- [           main] c.r.backend.BackendApplicationTests      : Starting BackendApplicationTests using Java 21.0.1 with PID 94458 (started by yash in /Users/yash/Desktop/6copy/6copy2/Group06/backend)
2024-02-25T15:36:28.413-04:00  INFO 94458 --- [           main] c.r.backend.BackendApplicationTests      : No active profile set, falling back to 1 default profile: "default"
2024-02-25T15:36:28.840-04:00  INFO 94458 --- [           main] .s.d.r.c.RepositoryConfigurationDelegate : Bootstrapping Spring Data JPA repositories in DEFAULT mode.
2024-02-25T15:36:28.880-04:00  INFO 94458 --- [           main] .s.d.r.c.RepositoryConfigurationDelegate : Finished Spring Data repository scanning in 35 ms. Found 3 JPA repository interfaces.
2024-02-25T15:36:29.230-04:00  INFO 94458 --- [           main] o.hibernate.jpa.internal.util.LogHelper  : HHH000204: Processing PersistenceUnitInfo [name: default]
2024-02-25T15:36:29.266-04:00  INFO 94458 --- [           main] org.hibernate.Version                    : HHH000412: Hibernate ORM core version 6.4.1.Final
2024-02-25T15:36:29.286-04:00  INFO 94458 --- [           main] o.h.c.internal.RegionFactoryInitiator    : HHH000026: Second-level cache disabled
2024-02-25T15:36:29.435-04:00  INFO 94458 --- [           main] o.s.o.j.p.SpringPersistenceUnitInfo      : No LoadTimeWeaver setup: ignoring JPA class transformer
2024-02-25T15:36:29.452-04:00  INFO 94458 --- [           main] com.zaxxer.hikari.HikariDataSource       : HikariPool-1 - Starting...
2024-02-25T15:36:29.618-04:00  INFO 94458 --- [           main] com.zaxxer.hikari.pool.HikariPool        : HikariPool-1 - Added connection com.mysql.cj.jdbc.ConnectionImpl@1bb96449
2024-02-25T15:36:29.620-04:00  INFO 94458 --- [           main] com.zaxxer.hikari.HikariDataSource       : HikariPool-1 - Start completed.
2024-02-25T15:36:29.649-04:00  WARN 94458 --- [           main] org.hibernate.dialect.Dialect            : HHH000511: The 5.5.0 version for [org.hibernate.dialect.MySQLDialect] is no longer supported, hence certain features may not work properly. The minimum supported version is 8.0.0. Check the community dialects project for available legacy versions.
2024-02-25T15:36:29.651-04:00  WARN 94458 --- [           main] org.hibernate.orm.deprecation            : HHH90000025: MySQLDialect does not need to be specified explicitly using 'hibernate.dialect' (remove the property setting and it will be selected by default)
2024-02-25T15:36:30.272-04:00  INFO 94458 --- [           main] o.h.e.t.j.p.i.JtaPlatformInitiator       : HHH000489: No JTA platform available (set 'hibernate.transaction.jta.platform' to enable JTA platform integration)
Hibernate: alter table property_applications drop foreign key FK2r1qfv7o8tnnlrq225dna2tx0
Hibernate: alter table user_roles drop foreign key FKh8ciramu9cc9q3qcqiv4ue8a6
Hibernate: alter table user_roles drop foreign key FKhfh9dx7w3ubf1co1vdev94g3f
Hibernate: drop table if exists property_applications
Hibernate: drop table if exists roles
Hibernate: drop table if exists user_roles
Hibernate: drop table if exists users
Hibernate: create table property_applications (communication_consent bit not null, consent_given bit not null, email_contact bit not null, monthly_rent float(53) not null, num_bathrooms integer not null, num_bedrooms integer not null, phone_contact bit not null, available_move_in_date datetime(6) not null, creation_date datetime(6) not null, property_applicationid bigint not null auto_increment, userid binary(16), amenities varchar(255), application_status varchar(255) not null, city varchar(255) not null, company_name varchar(255), country_code varchar(255) not null, email_address varchar(255) not null, lease_terms varchar(255) not null, phone_number varchar(255) not null, property_address varchar(255) not null, property_description TEXT, property_type varchar(255) not null, special_requirements TEXT, state varchar(255) not null, zipcode varchar(255) not null, primary key (property_applicationid)) engine=InnoDB
Hibernate: create table roles (id binary(16) not null, name enum ('ADMIN','PROPERTY_MANAGER','TENANT','USER'), primary key (id)) engine=InnoDB
Hibernate: create table user_roles (role_id binary(16) not null, user_id binary(16) not null) engine=InnoDB
Hibernate: create table users (id binary(16) not null, email varchar(255), first_name varchar(255), last_name varchar(255), password varchar(255), primary key (id)) engine=InnoDB
Hibernate: alter table property_applications add constraint UK_6dl5mrwmhff7wqo5mm87xvwxw unique (email_address)
Hibernate: alter table roles add constraint UK_ofx66keruapi6vyqpv6f2or37 unique (name)
Hibernate: alter table users add constraint UK_6dotkott2kjsp8vw4d0m25fb7 unique (email)
Hibernate: alter table property_applications add constraint FK2r1qfv7o8tnnlrq225dna2tx0 foreign key (userid) references users (id)
Hibernate: alter table user_roles add constraint FKh8ciramu9cc9q3qcqiv4ue8a6 foreign key (role_id) references roles (id)
Hibernate: alter table user_roles add constraint FKhfh9dx7w3ubf1co1vdev94g3f foreign key (user_id) references users (id)
2024-02-25T15:36:35.351-04:00  INFO 94458 --- [           main] j.LocalContainerEntityManagerFactoryBean : Initialized JPA EntityManagerFactory for persistence unit 'default'
2024-02-25T15:36:35.729-04:00  WARN 94458 --- [           main] JpaBaseConfiguration$JpaWebConfiguration : spring.jpa.open-in-view is enabled by default. Therefore, database queries may be performed during view rendering. Explicitly configure spring.jpa.open-in-view to disable this warning
2024-02-25T15:36:35.939-04:00  INFO 94458 --- [           main] o.s.s.web.DefaultSecurityFilterChain     : Will secure any request with [org.springframework.security.web.session.DisableEncodeUrlFilter@7b1b1784, org.springframework.security.web.context.request.async.WebAsyncManagerIntegrationFilter@288e50c1, org.springframework.security.web.context.SecurityContextHolderFilter@4917992b, org.springframework.security.web.header.HeaderWriterFilter@10c67c1c, org.springframework.web.filter.CorsFilter@58e0d1ac, org.springframework.security.web.authentication.logout.LogoutFilter@68024e57, com.rentalsphere.backend.Configuration.JwtAuthenticationFilter@145f1f97, org.springframework.security.web.savedrequest.RequestCacheAwareFilter@1e9d6c78, org.springframework.security.web.servletapi.SecurityContextHolderAwareRequestFilter@27f4761b, org.springframework.security.web.authentication.AnonymousAuthenticationFilter@7fba30fe, org.springframework.security.web.session.SessionManagementFilter@3453f79c, org.springframework.security.web.access.ExceptionTranslationFilter@5c3e7128, org.springframework.security.web.access.intercept.AuthorizationFilter@39c93af6]
2024-02-25T15:36:36.146-04:00  WARN 94458 --- [           main] ion$DefaultTemplateResolverConfiguration : Cannot find template location: classpath:/templates/ (please add some templates, check your Thymeleaf configuration, or set spring.thymeleaf.check-template-location=false)
2024-02-25T15:36:36.166-04:00  INFO 94458 --- [           main] c.r.backend.BackendApplicationTests      : Started BackendApplicationTests in 7.882 seconds (process running for 8.484)
Hibernate: insert into roles (name,id) values (?,?)
Hibernate: insert into roles (name,id) values (?,?)
Hibernate: insert into roles (name,id) values (?,?)
Hibernate: insert into roles (name,id) values (?,?)
Hibernate: select u1_0.id,u1_0.email,u1_0.first_name,u1_0.last_name,u1_0.password from users u1_0 where u1_0.email=?
Hibernate: insert into users (email,first_name,last_name,password,id) values (?,?,?,?,?)
Hibernate: insert into user_roles (user_id,role_id) values (?,?)
]]></system-out>
    <system-err><![CDATA[WARNING: A Java agent has been loaded dynamically (/Users/yash/.m2/repository/net/bytebuddy/byte-buddy-agent/1.14.11/byte-buddy-agent-1.14.11.jar)
WARNING: If a serviceability tool is in use, please run with -XX:+EnableDynamicAgentLoading to hide this warning
WARNING: If a serviceability tool is not in use, please run with -Djdk.instrument.traceUsage for more information
WARNING: Dynamic loading of agents will be disallowed by default in a future release
]]></system-err>
  </testcase>
</testsuite>